Flow report for dma_csr
Tue Jul 21 14:34:34 2020
Quartus Prime Version 20.1.0 Build 711 06/05/2020 SJ Standard Edition


---------------------
; Table of Contents ;
---------------------
  1. Legal Notice
  2. Flow Summary
  3. Flow Settings
  4. Flow Non-Default Global Settings
  5. Flow Elapsed Time
  6. Flow OS Summary
  7. Flow Log
  8. Flow Messages
  9. Flow Suppressed Messages



----------------
; Legal Notice ;
----------------
Copyright (C) 2020  Intel Corporation. All rights reserved.
Your use of Intel Corporation's design tools, logic functions 
and other software and tools, and any partner logic 
functions, and any output files from any of the foregoing 
(including device programming or simulation files), and any 
associated documentation or information are expressly subject 
to the terms and conditions of the Intel Program License 
Subscription Agreement, the Intel Quartus Prime License Agreement,
the Intel FPGA IP License Agreement, or other applicable license
agreement, including, without limitation, that your use is for
the sole purpose of programming logic devices manufactured by
Intel and sold by Intel or its authorized distributors.  Please
refer to the applicable agreement for further details, at
https://fpgasoftware.intel.com/eula.



+-------------------------------------------------------------------------------+
; Flow Summary                                                                  ;
+-----------------------------+-------------------------------------------------+
; Flow Status                 ; Successful - Tue Jul 21 14:34:23 2020           ;
; Quartus Prime Version       ; 20.1.0 Build 711 06/05/2020 SJ Standard Edition ;
; Revision Name               ; dma_csr                                         ;
; Top-level Entity Name       ; dma_csr                                         ;
; Family                      ; Arria 10                                        ;
; Device                      ; 10AX115R4F40I3SG                                ;
; Timing Models               ; Final                                           ;
; Logic utilization (in ALMs) ; 46 / 427,200 ( < 1 % )                          ;
; Total registers             ; 98                                              ;
; Total pins                  ; 77 / 650 ( 12 % )                               ;
; Total virtual pins          ; 0                                               ;
; Total block memory bits     ; 0 / 55,562,240 ( 0 % )                          ;
; Total DSP Blocks            ; 0 / 1,518 ( 0 % )                               ;
; Total HSSI RX channels      ; 0 / 66 ( 0 % )                                  ;
; Total HSSI TX channels      ; 0 / 66 ( 0 % )                                  ;
; Total PLLs                  ; 0 / 138 ( 0 % )                                 ;
+-----------------------------+-------------------------------------------------+


+-----------------------------------------+
; Flow Settings                           ;
+-------------------+---------------------+
; Option            ; Setting             ;
+-------------------+---------------------+
; Start date & time ; 07/21/2020 14:30:46 ;
; Main task         ; Compilation         ;
; Revision Name     ; dma_csr             ;
+-------------------+---------------------+


+-------------------------------------------------------------------------------------------------------------------------+
; Flow Non-Default Global Settings                                                                                        ;
+-------------------------------------+----------------------------------------+---------------+-------------+------------+
; Assignment Name                     ; Value                                  ; Default Value ; Entity Name ; Section Id ;
+-------------------------------------+----------------------------------------+---------------+-------------+------------+
; COMPILER_SIGNATURE_ID               ; 185122841658413.159536704632100        ; --            ; --          ; --         ;
; MAX_CORE_JUNCTION_TEMP              ; 100                                    ; --            ; --          ; --         ;
; MIN_CORE_JUNCTION_TEMP              ; -40                                    ; --            ; --          ; --         ;
; PARTITION_COLOR                     ; -- (Not supported for targeted family) ; --            ; --          ; Top        ;
; PARTITION_FITTER_PRESERVATION_LEVEL ; -- (Not supported for targeted family) ; --            ; --          ; Top        ;
; PARTITION_NETLIST_TYPE              ; -- (Not supported for targeted family) ; --            ; --          ; Top        ;
; PROJECT_OUTPUT_DIRECTORY            ; output_files                           ; --            ; --          ; --         ;
+-------------------------------------+----------------------------------------+---------------+-------------+------------+


+--------------------------------------------------------------------------------------------------------------------------+
; Flow Elapsed Time                                                                                                        ;
+----------------------+--------------+-------------------------+---------------------+------------------------------------+
; Module Name          ; Elapsed Time ; Average Processors Used ; Peak Virtual Memory ; Total CPU Time (on all processors) ;
+----------------------+--------------+-------------------------+---------------------+------------------------------------+
; Analysis & Synthesis ; 00:00:07     ; 1.0                     ; 4859 MB             ; 00:00:19                           ;
; Fitter               ; 00:03:21     ; 1.3                     ; 12884 MB            ; 00:09:15                           ;
; Assembler            ; 00:00:05     ; 1.0                     ; 5064 MB             ; 00:00:05                           ;
; Timing Analyzer      ; 00:00:10     ; 1.0                     ; 7285 MB             ; 00:00:16                           ;
; Total                ; 00:03:43     ; --                      ; --                  ; 00:09:55                           ;
+----------------------+--------------+-------------------------+---------------------+------------------------------------+


+------------------------------------------------------------------------------------+
; Flow OS Summary                                                                    ;
+----------------------+------------------+------------+------------+----------------+
; Module Name          ; Machine Hostname ; OS Name    ; OS Version ; Processor type ;
+----------------------+------------------+------------+------------+----------------+
; Analysis & Synthesis ; LAPTOP-36VCHLM9  ; Windows 10 ; 10.0       ; x86_64         ;
; Fitter               ; LAPTOP-36VCHLM9  ; Windows 10 ; 10.0       ; x86_64         ;
; Assembler            ; LAPTOP-36VCHLM9  ; Windows 10 ; 10.0       ; x86_64         ;
; Timing Analyzer      ; LAPTOP-36VCHLM9  ; Windows 10 ; 10.0       ; x86_64         ;
+----------------------+------------------+------------+------------+----------------+


------------
; Flow Log ;
------------
quartus_map --read_settings_files=on --write_settings_files=off dma_csr -c dma_csr
quartus_fit --read_settings_files=off --write_settings_files=off dma_csr -c dma_csr
quartus_asm --read_settings_files=off --write_settings_files=off dma_csr -c dma_csr
quartus_sta dma_csr -c dma_csr



